[slowroads.io/index.html]
[slowroads.io/favicon.svg]
[slowroads.io/apple-touch-icon.png]
[backblue.gif]
[fade.gif]
[index.html]
[slowroads.io/manifest.json]
[slowroads.io/meta-2.0.0.jpg]
[slowroads.io/alea.min.js]
[slowroads.io/_app/immutable/entry/start.89e1beba.js]
[slowroads.io/_app/immutable/chunks/scheduler.6cda8fd7.js]
[slowroads.io/_app/immutable/chunks/singletons.0464e1b8.js]
[slowroads.io/_app/immutable/chunks/index.85bbc95f.js]
[slowroads.io/_app/immutable/entry/app.bb1e6d7a.js]
[slowroads.io/_app/immutable/chunks/index.47283058.js]
[slowroads.io/index.html]
[slowroads.io/service-worker.js]
[slowroads.io/favicon.svg]
[slowroads.io/fonts/Sono.html]
[slowroads.io/fonts/Space.html]
